<?xml version="1.0" encoding="UTF-8"?>
<!-- Generated by org.testng.reporters.JUnitXMLReporter -->
<testsuite ignored="0" hostname="WS0000056SFV93L" failures="0" tests="1" name="Default test" time="0.048" errors="0" timestamp="2021-10-05T09:47:14 CDT">
  <testcase classname="com.web_app.keyword_driver.framework.testController.TestController" name="@BeforeClass initBrowser" time="0.006">
    <failure type="java.lang.NullPointerException" message="Cannot read the array length because the return value of &amp;quot;java.io.File.listFiles()&amp;quot; is null">
      <![CDATA[java.lang.NullPointerException: Cannot read the array length because the return value of "java.io.File.listFiles()" is null
at com.web_app.keyword_driver.framework.testBase.TestBase.deleteScreenShots(TestBase.java:102)
at com.web_app.keyword_driver.framework.testController.TestController.initBrowser(TestController.java:20)
at java.base/jdk.internal.reflect.NativeMethodAccessorImpl.invoke0(Native Method)
at java.base/jdk.internal.reflect.NativeMethodAccessorImpl.invoke(NativeMethodAccessorImpl.java:78)
at java.base/jdk.internal.reflect.DelegatingMethodAccessorImpl.invoke(DelegatingMethodAccessorImpl.java:43)
at java.base/java.lang.reflect.Method.invoke(Method.java:567)
at org.testng.internal.MethodInvocationHelper.invokeMethod(MethodInvocationHelper.java:133)
at org.testng.internal.MethodInvocationHelper.invokeMethodConsideringTimeout(MethodInvocationHelper.java:62)
at org.testng.internal.ConfigInvoker.invokeConfigurationMethod(ConfigInvoker.java:385)
at org.testng.internal.ConfigInvoker.invokeConfigurations(ConfigInvoker.java:321)
at org.testng.internal.TestMethodWorker.invokeBeforeClassMethods(TestMethodWorker.java:176)
at org.testng.internal.TestMethodWorker.run(TestMethodWorker.java:122)
at java.base/java.util.ArrayList.forEach(ArrayList.java:1511)
at org.testng.TestRunner.privateRun(TestRunner.java:794)
at org.testng.TestRunner.run(TestRunner.java:596)
at org.testng.SuiteRunner.runTest(SuiteRunner.java:377)
at org.testng.SuiteRunner.runSequentially(SuiteRunner.java:371)
at org.testng.SuiteRunner.privateRun(SuiteRunner.java:332)
at org.testng.SuiteRunner.run(SuiteRunner.java:276)
at org.testng.SuiteRunnerWorker.runSuite(SuiteRunnerWorker.java:53)
at org.testng.SuiteRunnerWorker.run(SuiteRunnerWorker.java:96)
at org.testng.TestNG.runSuitesSequentially(TestNG.java:1212)
at org.testng.TestNG.runSuitesLocally(TestNG.java:1134)
at org.testng.TestNG.runSuites(TestNG.java:1063)
at org.testng.TestNG.run(TestNG.java:1031)
at org.testng.remote.AbstractRemoteTestNG.run(AbstractRemoteTestNG.java:115)
at org.testng.remote.RemoteTestNG.initAndRun(RemoteTestNG.java:251)
at org.testng.remote.RemoteTestNG.main(RemoteTestNG.java:77)
]]>
    </failure>
  </testcase> <!-- @BeforeClass initBrowser -->
  <testcase classname="com.web_app.keyword_driver.framework.testController.TestController" name="@AfterClass quitBrowser" time="-1.633445234926E9">
    <skipped/>
  </testcase> <!-- @AfterClass quitBrowser -->
  <testcase classname="com.web_app.keyword_driver.framework.testController.TestController" name="TestCaseController" time="0.0">
    <skipped/>
  </testcase> <!-- TestCaseController -->
</testsuite> <!-- Default test -->
