<?xml version="1.0" encoding="UTF-8"?>
<!-- Generated by org.testng.reporters.JUnitXMLReporter -->
<testsuite ignored="0" hostname="WS0000056SFV93L" failures="1" tests="1" name="Command line test" time="23644.558" errors="0" timestamp="2022-01-14T19:00:52 CST">
  <testcase classname="com.web_app.keyword_driver.framework.testController.TestController" name="TestCaseController" time="23641.311">
    <failure type="org.openqa.selenium.WebDriverException" message="unknown error: Chrome failed to start: exited normally.
  (unknown error: DevToolsActivePort file doesn&amp;apos;t exist)
  (The process started from chrome location C:\Program Files\Google\Chrome\Application\chrome.exe is no longer running, so ChromeDriver is assuming that Chrome has crashed.)
Build info: version: &amp;apos;3.141.59&amp;apos;, revision: &amp;apos;e82be7d358&amp;apos;, time: &amp;apos;2018-11-14T08:17:03&amp;apos;
System info: host: &amp;apos;WS0000056SFV93L&amp;apos;, ip: &amp;apos;10.200.233.212&amp;apos;, os.name: &amp;apos;Windows 10&amp;apos;, os.arch: &amp;apos;amd64&amp;apos;, os.version: &amp;apos;10.0&amp;apos;, java.version: &amp;apos;16.0.2&amp;apos;
Driver info: driver.version: ChromeDriver
remote stacktrace: Backtrace:
	Ordinal0 [0x00CA6903+2517251]
	Ordinal0 [0x00C3F8E1+2095329]
	Ordinal0 [0x00B42848+1058888]
	Ordinal0 [0x00B5DC70+1170544]
	Ordinal0 [0x00B5A2CF+1155791]
	Ordinal0 [0x00B8AAAF+1354415]
	Ordinal0 [0x00B8A71A+1353498]
	Ordinal0 [0x00B8639B+1336219]
	Ordinal0 [0x00B627A7+1189799]
	Ordinal0 [0x00B63609+1193481]
	GetHandleVerifier [0x00E35904+1577972]
	GetHandleVerifier [0x00EE0B97+2279047]
	GetHandleVerifier [0x00D36D09+534521]
	GetHandleVerifier [0x00D35DB9+530601]
	Ordinal0 [0x00C44FF9+2117625]
	Ordinal0 [0x00C498A8+2136232]
	Ordinal0 [0x00C499E2+2136546]
	Ordinal0 [0x00C53541+2176321]
	BaseThreadInitThunk [0x7662FA29+25]
	RtlGetAppContainerNamedObjectPath [0x77DA7A9E+286]
	RtlGetAppContainerNamedObjectPath [0x77DA7A6E+238]
">
      <![CDATA[org.openqa.selenium.WebDriverException: unknown error: Chrome failed to start: exited normally.
  (unknown error: DevToolsActivePort file doesn't exist)
  (The process started from chrome location C:\Program Files\Google\Chrome\Application\chrome.exe is no longer running, so ChromeDriver is assuming that Chrome has crashed.)
Build info: version: '3.141.59', revision: 'e82be7d358', time: '2018-11-14T08:17:03'
System info: host: 'WS0000056SFV93L', ip: '10.200.233.212', os.name: 'Windows 10', os.arch: 'amd64', os.version: '10.0', java.version: '16.0.2'
Driver info: driver.version: ChromeDriver
remote stacktrace: Backtrace:
Ordinal0 [0x00CA6903+2517251]
Ordinal0 [0x00C3F8E1+2095329]
Ordinal0 [0x00B42848+1058888]
Ordinal0 [0x00B5DC70+1170544]
Ordinal0 [0x00B5A2CF+1155791]
Ordinal0 [0x00B8AAAF+1354415]
Ordinal0 [0x00B8A71A+1353498]
Ordinal0 [0x00B8639B+1336219]
Ordinal0 [0x00B627A7+1189799]
Ordinal0 [0x00B63609+1193481]
GetHandleVerifier [0x00E35904+1577972]
GetHandleVerifier [0x00EE0B97+2279047]
GetHandleVerifier [0x00D36D09+534521]
GetHandleVerifier [0x00D35DB9+530601]
Ordinal0 [0x00C44FF9+2117625]
Ordinal0 [0x00C498A8+2136232]
Ordinal0 [0x00C499E2+2136546]
Ordinal0 [0x00C53541+2176321]
BaseThreadInitThunk [0x7662FA29+25]
RtlGetAppContainerNamedObjectPath [0x77DA7A9E+286]
RtlGetAppContainerNamedObjectPath [0x77DA7A6E+238]

at org.openqa.selenium.remote.W3CHandshakeResponse.lambda$errorHandler$0(W3CHandshakeResponse.java:62)
at org.openqa.selenium.remote.HandshakeResponse.lambda$getResponseFunction$0(HandshakeResponse.java:30)
at org.openqa.selenium.remote.ProtocolHandshake.lambda$createSession$0(ProtocolHandshake.java:126)
at java.base/java.util.stream.ReferencePipeline$3$1.accept(ReferencePipeline.java:197)
at java.base/java.util.Spliterators$ArraySpliterator.tryAdvance(Spliterators.java:958)
at java.base/java.util.stream.ReferencePipeline.forEachWithCancel(ReferencePipeline.java:129)
at java.base/java.util.stream.AbstractPipeline.copyIntoWithCancel(AbstractPipeline.java:502)
at java.base/java.util.stream.AbstractPipeline.copyInto(AbstractPipeline.java:488)
at java.base/java.util.stream.AbstractPipeline.wrapAndCopyInto(AbstractPipeline.java:474)
at java.base/java.util.stream.FindOps$FindOp.evaluateSequential(FindOps.java:150)
at java.base/java.util.stream.AbstractPipeline.evaluate(AbstractPipeline.java:234)
at java.base/java.util.stream.ReferencePipeline.findFirst(ReferencePipeline.java:647)
at org.openqa.selenium.remote.ProtocolHandshake.createSession(ProtocolHandshake.java:128)
at org.openqa.selenium.remote.ProtocolHandshake.createSession(ProtocolHandshake.java:74)
at org.openqa.selenium.remote.HttpCommandExecutor.execute(HttpCommandExecutor.java:136)
at org.openqa.selenium.remote.service.DriverCommandExecutor.execute(DriverCommandExecutor.java:83)
at org.openqa.selenium.remote.RemoteWebDriver.execute(RemoteWebDriver.java:552)
at org.openqa.selenium.remote.RemoteWebDriver.startSession(RemoteWebDriver.java:213)
at org.openqa.selenium.remote.RemoteWebDriver.<init>(RemoteWebDriver.java:131)
at org.openqa.selenium.chrome.ChromeDriver.<init>(ChromeDriver.java:181)
at org.openqa.selenium.chrome.ChromeDriver.<init>(ChromeDriver.java:168)
at org.openqa.selenium.chrome.ChromeDriver.<init>(ChromeDriver.java:123)
at com.web_app.keyword_driver.framework.testBase.TestBase.selectBrowser(TestBase.java:73)
at com.web_app.keyword_driver.framework.testController.TestController.TestCaseController(TestController.java:42)
at java.base/java.util.ArrayList.forEach(ArrayList.java:1511)
at com.web_app.keyword_driver.framework.testController.Runner.main(Runner.java:13)
... Removed 29 stack frames]]>
    </failure>
  </testcase> <!-- TestCaseController -->
</testsuite> <!-- Command line test -->
