<?xml version="1.0" encoding="UTF-8"?>
<!-- Generated by org.testng.reporters.JUnitReportReporter -->
<testsuite skipped="0" hostname="Praveen-Jaiswal" name="com.bhanu.keyworddriver.framework.testController.TestController" tests="1" failures="0" timestamp="16 Jul 2021 13:59:24 GMT" time="3.005" errors="1">
  <testcase name="TestCaseController" time="3.005" classname="com.bhanu.keyworddriver.framework.testController.TestController">
    <error type="org.openqa.selenium.WebDriverException" message="unknown error: cannot find Chrome binary
Build info: version: &#039;3.141.59&#039;, revision: &#039;e82be7d358&#039;, time: &#039;2018-11-14T08:17:03&#039;
System info: host: &#039;PRAVEEN-JAISWAL&#039;, ip: &#039;192.168.0.50&#039;, os.name: &#039;Windows 10&#039;, os.arch: &#039;amd64&#039;, os.version: &#039;10.0&#039;, java.version: &#039;1.8.0_162&#039;
Driver info: driver.version: ChromeDriver
remote stacktrace: Backtrace:
	Ordinal0 [0x002D9563+2725219]
	Ordinal0 [0x001D8551+1672529]
	Ordinal0 [0x000C0359+525145]
	Ordinal0 [0x0004CA64+51812]
	Ordinal0 [0x0006CC37+183351]
	Ordinal0 [0x0006CA3D+182845]
	Ordinal0 [0x0006A94B+174411]
	Ordinal0 [0x00052528+75048]
	Ordinal0 [0x000535A0+79264]
	Ordinal0 [0x00053539+79161]
	Ordinal0 [0x001ED607+1758727]
	GetHandleVerifier [0x003F6546+1050150]
	GetHandleVerifier [0x003F6291+1049457]
	GetHandleVerifier [0x004010D7+1094071]
	GetHandleVerifier [0x003F6B46+1051686]
	Ordinal0 [0x001E5B06+1727238]
	Ordinal0 [0x001EEB7B+1764219]
	Ordinal0 [0x001EECE3+1764579]
	Ordinal0 [0x00204C05+1854469]
	BaseThreadInitThunk [0x764FFA29+25]
	RtlGetAppContainerNamedObjectPath [0x77C47A7E+286]
	RtlGetAppContainerNamedObjectPath [0x77C47A4E+238]
	(No symbol) [0x00000000]
">
      <![CDATA[org.openqa.selenium.WebDriverException: unknown error: cannot find Chrome binary
Build info: version: '3.141.59', revision: 'e82be7d358', time: '2018-11-14T08:17:03'
System info: host: 'PRAVEEN-JAISWAL', ip: '192.168.0.50', os.name: 'Windows 10', os.arch: 'amd64', os.version: '10.0', java.version: '1.8.0_162'
Driver info: driver.version: ChromeDriver
remote stacktrace: Backtrace:
Ordinal0 [0x002D9563+2725219]
Ordinal0 [0x001D8551+1672529]
Ordinal0 [0x000C0359+525145]
Ordinal0 [0x0004CA64+51812]
Ordinal0 [0x0006CC37+183351]
Ordinal0 [0x0006CA3D+182845]
Ordinal0 [0x0006A94B+174411]
Ordinal0 [0x00052528+75048]
Ordinal0 [0x000535A0+79264]
Ordinal0 [0x00053539+79161]
Ordinal0 [0x001ED607+1758727]
GetHandleVerifier [0x003F6546+1050150]
GetHandleVerifier [0x003F6291+1049457]
GetHandleVerifier [0x004010D7+1094071]
GetHandleVerifier [0x003F6B46+1051686]
Ordinal0 [0x001E5B06+1727238]
Ordinal0 [0x001EEB7B+1764219]
Ordinal0 [0x001EECE3+1764579]
Ordinal0 [0x00204C05+1854469]
BaseThreadInitThunk [0x764FFA29+25]
RtlGetAppContainerNamedObjectPath [0x77C47A7E+286]
RtlGetAppContainerNamedObjectPath [0x77C47A4E+238]
(No symbol) [0x00000000]

at sun.reflect.NativeConstructorAccessorImpl.newInstance0(Native Method)
at sun.reflect.NativeConstructorAccessorImpl.newInstance(Unknown Source)
at sun.reflect.DelegatingConstructorAccessorImpl.newInstance(Unknown Source)
at java.lang.reflect.Constructor.newInstance(Unknown Source)
at org.openqa.selenium.remote.W3CHandshakeResponse.lambda$errorHandler$0(W3CHandshakeResponse.java:62)
at org.openqa.selenium.remote.HandshakeResponse.lambda$getResponseFunction$0(HandshakeResponse.java:30)
at org.openqa.selenium.remote.ProtocolHandshake.lambda$createSession$0(ProtocolHandshake.java:126)
at java.util.stream.ReferencePipeline$3$1.accept(Unknown Source)
at java.util.Spliterators$ArraySpliterator.tryAdvance(Unknown Source)
at java.util.stream.ReferencePipeline.forEachWithCancel(Unknown Source)
at java.util.stream.AbstractPipeline.copyIntoWithCancel(Unknown Source)
at java.util.stream.AbstractPipeline.copyInto(Unknown Source)
at java.util.stream.AbstractPipeline.wrapAndCopyInto(Unknown Source)
at java.util.stream.FindOps$FindOp.evaluateSequential(Unknown Source)
at java.util.stream.AbstractPipeline.evaluate(Unknown Source)
at java.util.stream.ReferencePipeline.findFirst(Unknown Source)
at org.openqa.selenium.remote.ProtocolHandshake.createSession(ProtocolHandshake.java:128)
at org.openqa.selenium.remote.ProtocolHandshake.createSession(ProtocolHandshake.java:74)
at org.openqa.selenium.remote.HttpCommandExecutor.execute(HttpCommandExecutor.java:136)
at org.openqa.selenium.remote.service.DriverCommandExecutor.execute(DriverCommandExecutor.java:83)
at org.openqa.selenium.remote.RemoteWebDriver.execute(RemoteWebDriver.java:552)
at org.openqa.selenium.remote.RemoteWebDriver.startSession(RemoteWebDriver.java:213)
at org.openqa.selenium.remote.RemoteWebDriver.<init>(RemoteWebDriver.java:131)
at org.openqa.selenium.chrome.ChromeDriver.<init>(ChromeDriver.java:181)
at org.openqa.selenium.chrome.ChromeDriver.<init>(ChromeDriver.java:168)
at org.openqa.selenium.chrome.ChromeDriver.<init>(ChromeDriver.java:123)
at com.bhanu.keyworddriver.framework.testBase.TestBase.selectBrowser(TestBase.java:78)
at com.bhanu.keyworddriver.framework.testController.TestController.TestCaseController(TestController.java:43)
at sun.reflect.NativeMethodAccessorImpl.invoke0(Native Method)
at sun.reflect.NativeMethodAccessorImpl.invoke(Unknown Source)
at sun.reflect.DelegatingMethodAccessorImpl.invoke(Unknown Source)
at java.lang.reflect.Method.invoke(Unknown Source)
at org.testng.internal.MethodInvocationHelper.invokeMethod(MethodInvocationHelper.java:124)
at org.testng.internal.Invoker.invokeMethod(Invoker.java:583)
at org.testng.internal.Invoker.invokeTestMethod(Invoker.java:719)
at org.testng.internal.Invoker.invokeTestMethods(Invoker.java:989)
at org.testng.internal.TestMethodWorker.invokeTestMethods(TestMethodWorker.java:125)
at org.testng.internal.TestMethodWorker.run(TestMethodWorker.java:109)
at org.testng.TestRunner.privateRun(TestRunner.java:648)
at org.testng.TestRunner.run(TestRunner.java:505)
at org.testng.SuiteRunner.runTest(SuiteRunner.java:455)
at org.testng.SuiteRunner.runSequentially(SuiteRunner.java:450)
at org.testng.SuiteRunner.privateRun(SuiteRunner.java:415)
at org.testng.SuiteRunner.run(SuiteRunner.java:364)
at org.testng.SuiteRunnerWorker.runSuite(SuiteRunnerWorker.java:52)
at org.testng.SuiteRunnerWorker.run(SuiteRunnerWorker.java:84)
at org.testng.TestNG.runSuitesSequentially(TestNG.java:1208)
at org.testng.TestNG.runSuitesLocally(TestNG.java:1137)
at org.testng.TestNG.runSuites(TestNG.java:1049)
at org.testng.TestNG.run(TestNG.java:1017)
at org.testng.remote.AbstractRemoteTestNG.run(AbstractRemoteTestNG.java:115)
at org.testng.remote.RemoteTestNG.initAndRun(RemoteTestNG.java:251)
at org.testng.remote.RemoteTestNG.main(RemoteTestNG.java:77)
]]>
    </error>
  </testcase> <!-- TestCaseController -->
</testsuite> <!-- com.bhanu.keyworddriver.framework.testController.TestController -->
