<?xml version="1.0" encoding="UTF-8"?>
<!-- Generated by org.testng.reporters.JUnitReportReporter -->
<testsuite hostname="WS0000056SFV93L" failures="0" tests="1" name="com.web_app.keyword_driver.framework.testController.TestController" time="23641.312" errors="1" timestamp="2022-01-14T19:00:52 CST" skipped="0">
  <testcase classname="com.web_app.keyword_driver.framework.testController.TestController" name="TestCaseController" time="23641.312">
    <error message="unknown error: Chrome failed to start: exited normally.
  (unknown error: DevToolsActivePort file doesn&#039;t exist)
  (The process started from chrome location C:\Program Files\Google\Chrome\Application\chrome.exe is no longer running, so ChromeDriver is assuming that Chrome has crashed.)
Build info: version: &#039;3.141.59&#039;, revision: &#039;e82be7d358&#039;, time: &#039;2018-11-14T08:17:03&#039;
System info: host: &#039;WS0000056SFV93L&#039;, ip: &#039;10.200.233.212&#039;, os.name: &#039;Windows 10&#039;, os.arch: &#039;amd64&#039;, os.version: &#039;10.0&#039;, java.version: &#039;16.0.2&#039;
Driver info: driver.version: ChromeDriver
remote stacktrace: Backtrace:
	Ordinal0 [0x00CA6903+2517251]
	Ordinal0 [0x00C3F8E1+2095329]
	Ordinal0 [0x00B42848+1058888]
	Ordinal0 [0x00B5DC70+1170544]
	Ordinal0 [0x00B5A2CF+1155791]
	Ordinal0 [0x00B8AAAF+1354415]
	Ordinal0 [0x00B8A71A+1353498]
	Ordinal0 [0x00B8639B+1336219]
	Ordinal0 [0x00B627A7+1189799]
	Ordinal0 [0x00B63609+1193481]
	GetHandleVerifier [0x00E35904+1577972]
	GetHandleVerifier [0x00EE0B97+2279047]
	GetHandleVerifier [0x00D36D09+534521]
	GetHandleVerifier [0x00D35DB9+530601]
	Ordinal0 [0x00C44FF9+2117625]
	Ordinal0 [0x00C498A8+2136232]
	Ordinal0 [0x00C499E2+2136546]
	Ordinal0 [0x00C53541+2176321]
	BaseThreadInitThunk [0x7662FA29+25]
	RtlGetAppContainerNamedObjectPath [0x77DA7A9E+286]
	RtlGetAppContainerNamedObjectPath [0x77DA7A6E+238]
" type="org.openqa.selenium.WebDriverException">
      <![CDATA[org.openqa.selenium.WebDriverException: unknown error: Chrome failed to start: exited normally.
  (unknown error: DevToolsActivePort file doesn't exist)
  (The process started from chrome location C:\Program Files\Google\Chrome\Application\chrome.exe is no longer running, so ChromeDriver is assuming that Chrome has crashed.)
Build info: version: '3.141.59', revision: 'e82be7d358', time: '2018-11-14T08:17:03'
System info: host: 'WS0000056SFV93L', ip: '10.200.233.212', os.name: 'Windows 10', os.arch: 'amd64', os.version: '10.0', java.version: '16.0.2'
Driver info: driver.version: ChromeDriver
remote stacktrace: Backtrace:
Ordinal0 [0x00CA6903+2517251]
Ordinal0 [0x00C3F8E1+2095329]
Ordinal0 [0x00B42848+1058888]
Ordinal0 [0x00B5DC70+1170544]
Ordinal0 [0x00B5A2CF+1155791]
Ordinal0 [0x00B8AAAF+1354415]
Ordinal0 [0x00B8A71A+1353498]
Ordinal0 [0x00B8639B+1336219]
Ordinal0 [0x00B627A7+1189799]
Ordinal0 [0x00B63609+1193481]
GetHandleVerifier [0x00E35904+1577972]
GetHandleVerifier [0x00EE0B97+2279047]
GetHandleVerifier [0x00D36D09+534521]
GetHandleVerifier [0x00D35DB9+530601]
Ordinal0 [0x00C44FF9+2117625]
Ordinal0 [0x00C498A8+2136232]
Ordinal0 [0x00C499E2+2136546]
Ordinal0 [0x00C53541+2176321]
BaseThreadInitThunk [0x7662FA29+25]
RtlGetAppContainerNamedObjectPath [0x77DA7A9E+286]
RtlGetAppContainerNamedObjectPath [0x77DA7A6E+238]

at java.base/jdk.internal.reflect.NativeConstructorAccessorImpl.newInstance0(Native Method)
at java.base/jdk.internal.reflect.NativeConstructorAccessorImpl.newInstance(NativeConstructorAccessorImpl.java:78)
at java.base/jdk.internal.reflect.DelegatingConstructorAccessorImpl.newInstance(DelegatingConstructorAccessorImpl.java:45)
at java.base/java.lang.reflect.Constructor.newInstanceWithCaller(Constructor.java:499)
at java.base/java.lang.reflect.Constructor.newInstance(Constructor.java:480)
at org.openqa.selenium.remote.W3CHandshakeResponse.lambda$errorHandler$0(W3CHandshakeResponse.java:62)
at org.openqa.selenium.remote.HandshakeResponse.lambda$getResponseFunction$0(HandshakeResponse.java:30)
at org.openqa.selenium.remote.ProtocolHandshake.lambda$createSession$0(ProtocolHandshake.java:126)
at java.base/java.util.stream.ReferencePipeline$3$1.accept(ReferencePipeline.java:197)
at java.base/java.util.Spliterators$ArraySpliterator.tryAdvance(Spliterators.java:958)
at java.base/java.util.stream.ReferencePipeline.forEachWithCancel(ReferencePipeline.java:129)
at java.base/java.util.stream.AbstractPipeline.copyIntoWithCancel(AbstractPipeline.java:502)
at java.base/java.util.stream.AbstractPipeline.copyInto(AbstractPipeline.java:488)
at java.base/java.util.stream.AbstractPipeline.wrapAndCopyInto(AbstractPipeline.java:474)
at java.base/java.util.stream.FindOps$FindOp.evaluateSequential(FindOps.java:150)
at java.base/java.util.stream.AbstractPipeline.evaluate(AbstractPipeline.java:234)
at java.base/java.util.stream.ReferencePipeline.findFirst(ReferencePipeline.java:647)
at org.openqa.selenium.remote.ProtocolHandshake.createSession(ProtocolHandshake.java:128)
at org.openqa.selenium.remote.ProtocolHandshake.createSession(ProtocolHandshake.java:74)
at org.openqa.selenium.remote.HttpCommandExecutor.execute(HttpCommandExecutor.java:136)
at org.openqa.selenium.remote.service.DriverCommandExecutor.execute(DriverCommandExecutor.java:83)
at org.openqa.selenium.remote.RemoteWebDriver.execute(RemoteWebDriver.java:552)
at org.openqa.selenium.remote.RemoteWebDriver.startSession(RemoteWebDriver.java:213)
at org.openqa.selenium.remote.RemoteWebDriver.<init>(RemoteWebDriver.java:131)
at org.openqa.selenium.chrome.ChromeDriver.<init>(ChromeDriver.java:181)
at org.openqa.selenium.chrome.ChromeDriver.<init>(ChromeDriver.java:168)
at org.openqa.selenium.chrome.ChromeDriver.<init>(ChromeDriver.java:123)
at com.web_app.keyword_driver.framework.testBase.TestBase.selectBrowser(TestBase.java:73)
at com.web_app.keyword_driver.framework.testController.TestController.TestCaseController(TestController.java:42)
at java.base/jdk.internal.reflect.NativeMethodAccessorImpl.invoke0(Native Method)
at java.base/jdk.internal.reflect.NativeMethodAccessorImpl.invoke(NativeMethodAccessorImpl.java:78)
at java.base/jdk.internal.reflect.DelegatingMethodAccessorImpl.invoke(DelegatingMethodAccessorImpl.java:43)
at java.base/java.lang.reflect.Method.invoke(Method.java:567)
at org.testng.internal.MethodInvocationHelper.invokeMethod(MethodInvocationHelper.java:133)
at org.testng.internal.TestInvoker.invokeMethod(TestInvoker.java:598)
at org.testng.internal.TestInvoker.invokeTestMethod(TestInvoker.java:173)
at org.testng.internal.MethodRunner.runInSequence(MethodRunner.java:46)
at org.testng.internal.TestInvoker$MethodInvocationAgent.invoke(TestInvoker.java:824)
at org.testng.internal.TestInvoker.invokeTestMethods(TestInvoker.java:146)
at org.testng.internal.TestMethodWorker.invokeTestMethods(TestMethodWorker.java:146)
at org.testng.internal.TestMethodWorker.run(TestMethodWorker.java:128)
at java.base/java.util.ArrayList.forEach(ArrayList.java:1511)
at org.testng.TestRunner.privateRun(TestRunner.java:794)
at org.testng.TestRunner.run(TestRunner.java:596)
at org.testng.SuiteRunner.runTest(SuiteRunner.java:377)
at org.testng.SuiteRunner.runSequentially(SuiteRunner.java:371)
at org.testng.SuiteRunner.privateRun(SuiteRunner.java:332)
at org.testng.SuiteRunner.run(SuiteRunner.java:276)
at org.testng.SuiteRunnerWorker.runSuite(SuiteRunnerWorker.java:53)
at org.testng.SuiteRunnerWorker.run(SuiteRunnerWorker.java:96)
at org.testng.TestNG.runSuitesSequentially(TestNG.java:1212)
at org.testng.TestNG.runSuitesLocally(TestNG.java:1134)
at org.testng.TestNG.runSuites(TestNG.java:1063)
at org.testng.TestNG.run(TestNG.java:1031)
at com.web_app.keyword_driver.framework.testController.Runner.main(Runner.java:13)
]]>
    </error>
  </testcase> <!-- TestCaseController -->
  <system-out>
    <![CDATA[A failure was recorded. See screenshot for details.
<a href='C:\Users\gillmannc\eclipse-workspace\QA_Framework\src\test\java\reports\screenshots\failed_screenshots\TC72_doubleClick_01_14_2022_15_57_37.png'><img src='C:\Users\gillmannc\eclipse-workspace\QA_Framework\src\test\java\reports\screenshots\failed_screenshots\TC72_doubleClick_01_14_2022_15_57_37.png'height='100' width='100'/></a>]]>
  </system-out>
</testsuite> <!-- com.web_app.keyword_driver.framework.testController.TestController -->
